\BOOKMARK [0][-]{chapter.1}{Introduction}{}% 1
\BOOKMARK [1][-]{section.1.1}{Motivation}{chapter.1}% 2
\BOOKMARK [1][-]{section.1.2}{Solution overview}{chapter.1}% 3
\BOOKMARK [1][-]{section.1.3}{Applications}{chapter.1}% 4
\BOOKMARK [2][-]{subsection.1.3.1}{Pornography filtering}{section.1.3}% 5
\BOOKMARK [2][-]{subsection.1.3.2}{Anchorperson detection}{section.1.3}% 6
\BOOKMARK [2][-]{subsection.1.3.3}{Preprocessing for complex systems}{section.1.3}% 7
\BOOKMARK [1][-]{section.1.4}{Thesis outline}{chapter.1}% 8
\BOOKMARK [0][-]{chapter.2}{Theoretical background}{}% 9
\BOOKMARK [1][-]{section.2.1}{Related work}{chapter.2}% 10
\BOOKMARK [2][-]{subsection.2.1.1}{Models using color analysis}{section.2.1}% 11
\BOOKMARK [2][-]{subsection.2.1.2}{Models using segmentation}{section.2.1}% 12
\BOOKMARK [2][-]{subsection.2.1.3}{Models using textural features}{section.2.1}% 13
\BOOKMARK [2][-]{subsection.2.1.4}{Models using shape information}{section.2.1}% 14
\BOOKMARK [1][-]{section.2.2}{Image segmentation}{chapter.2}% 15
\BOOKMARK [2][-]{subsection.2.2.1}{Thresholding}{section.2.2}% 16
\BOOKMARK [2][-]{subsection.2.2.2}{Edge detection}{section.2.2}% 17
\BOOKMARK [2][-]{subsection.2.2.3}{Clustering}{section.2.2}% 18
\BOOKMARK [1][-]{section.2.3}{Skin detection by color}{chapter.2}% 19
\BOOKMARK [2][-]{subsection.2.3.1}{Color spaces}{section.2.3}% 20
\BOOKMARK [2][-]{subsection.2.3.2}{Explicit thresholding}{section.2.3}% 21
\BOOKMARK [2][-]{subsection.2.3.3}{Skin Probability Map}{section.2.3}% 22
\BOOKMARK [2][-]{subsection.2.3.4}{Gaussian classifiers}{section.2.3}% 23
\BOOKMARK [1][-]{section.2.4}{Texture analysis}{chapter.2}% 24
\BOOKMARK [2][-]{subsection.2.4.1}{Structural methods}{section.2.4}% 25
\BOOKMARK [2][-]{subsection.2.4.2}{Statistical methods}{section.2.4}% 26
\BOOKMARK [2][-]{subsection.2.4.3}{Model based methods}{section.2.4}% 27
\BOOKMARK [2][-]{subsection.2.4.4}{Transform methods}{section.2.4}% 28
\BOOKMARK [2][-]{subsection.2.4.5}{Use in skin detection}{section.2.4}% 29
\BOOKMARK [0][-]{chapter.3}{Proposed model}{}% 30
\BOOKMARK [1][-]{section.3.1}{Overview}{chapter.3}% 31
\BOOKMARK [2][-]{subsection.3.1.1}{Segmentation}{section.3.1}% 32
\BOOKMARK [2][-]{subsection.3.1.2}{Color analysis}{section.3.1}% 33
\BOOKMARK [2][-]{subsection.3.1.3}{Texture analysis}{section.3.1}% 34
\BOOKMARK [2][-]{subsection.3.1.4}{The final image}{section.3.1}% 35
\BOOKMARK [1][-]{section.3.2}{Datasets}{chapter.3}% 36
\BOOKMARK [1][-]{section.3.3}{Parameters}{chapter.3}% 37
\BOOKMARK [2][-]{subsection.3.3.1}{Image segmentation}{section.3.3}% 38
\BOOKMARK [2][-]{subsection.3.3.2}{Texture analysis}{section.3.3}% 39
\BOOKMARK [2][-]{subsection.3.3.3}{Color analysis}{section.3.3}% 40
\BOOKMARK [1][-]{section.3.4}{Training}{chapter.3}% 41
\BOOKMARK [1][-]{section.3.5}{Evaluation}{chapter.3}% 42
\BOOKMARK [2][-]{subsection.3.5.1}{Dataset}{section.3.5}% 43
\BOOKMARK [2][-]{subsection.3.5.2}{Performance metrics}{section.3.5}% 44
\BOOKMARK [2][-]{subsection.3.5.3}{Results}{section.3.5}% 45
\BOOKMARK [2][-]{subsection.3.5.4}{Comparison with related work}{section.3.5}% 46
\BOOKMARK [2][-]{subsection.3.5.5}{Detection examples}{section.3.5}% 47
\BOOKMARK [0][-]{chapter.4}{Application development}{}% 48
\BOOKMARK [1][-]{section.4.1}{Implementation}{chapter.4}% 49
\BOOKMARK [2][-]{subsection.4.1.1}{Technologies used}{section.4.1}% 50
\BOOKMARK [2][-]{subsection.4.1.2}{The image segmentation module}{section.4.1}% 51
\BOOKMARK [2][-]{subsection.4.1.3}{The color detection module}{section.4.1}% 52
\BOOKMARK [2][-]{subsection.4.1.4}{The texture analysis module}{section.4.1}% 53
\BOOKMARK [2][-]{subsection.4.1.5}{The evaluator module}{section.4.1}% 54
\BOOKMARK [2][-]{subsection.4.1.6}{User interface}{section.4.1}% 55
\BOOKMARK [1][-]{section.4.2}{User manual}{chapter.4}% 56
\BOOKMARK [2][-]{subsection.4.2.1}{Introduction}{section.4.2}% 57
\BOOKMARK [2][-]{subsection.4.2.2}{Detection view}{section.4.2}% 58
\BOOKMARK [2][-]{subsection.4.2.3}{Evaluator view}{section.4.2}% 59
\BOOKMARK [2][-]{subsection.4.2.4}{Color model training view}{section.4.2}% 60
\BOOKMARK [2][-]{subsection.4.2.5}{Texture model training view}{section.4.2}% 61
\BOOKMARK [2][-]{subsection.4.2.6}{Common configuration frames}{section.4.2}% 62
\BOOKMARK [2][-]{subsection.4.2.7}{User Feedback}{section.4.2}% 63
\BOOKMARK [0][-]{chapter.5}{Conclusions}{}% 64
\BOOKMARK [1][-]{section.5.1}{State of research}{chapter.5}% 65
\BOOKMARK [1][-]{section.5.2}{Proposed model's results}{chapter.5}% 66
\BOOKMARK [1][-]{section.5.3}{Future developments}{chapter.5}% 67
